<?xml version="1.0" encoding="UTF-8"?>
<coverage generated="1730242585379" clover="3.2.0">
  <project timestamp="1730242585379" name="All files">
    <metrics statements="108" coveredstatements="100" conditionals="53" coveredconditionals="40" methods="26" coveredmethods="22" elements="187" coveredelements="162" complexity="0" loc="108" ncloc="108" packages="2" files="3" classes="3"/>
    <package name="src">
      <metrics statements="98" coveredstatements="90" conditionals="45" coveredconditionals="32" methods="25" coveredmethods="21"/>
      <file name="errors.ts" path="/Users/100xlong/projects/matrica-sdk/src/errors.ts">
        <metrics statements="10" coveredstatements="10" conditionals="0" coveredconditionals="0" methods="2" coveredmethods="2"/>
        <line num="1" count="3" type="stmt"/>
        <line num="2" count="9" type="stmt"/>
        <line num="3" count="9" type="stmt"/>
        <line num="4" count="9" type="stmt"/>
        <line num="5" count="9" type="stmt"/>
        <line num="9" count="3" type="stmt"/>
        <line num="11" count="1" type="stmt"/>
        <line num="12" count="1" type="stmt"/>
        <line num="13" count="1" type="stmt"/>
        <line num="17" count="3" type="stmt"/>
      </file>
      <file name="matricaOAuthClient.ts" path="/Users/100xlong/projects/matrica-sdk/src/matricaOAuthClient.ts">
        <metrics statements="88" coveredstatements="80" conditionals="45" coveredconditionals="32" methods="23" coveredmethods="19"/>
        <line num="1" count="2" type="stmt"/>
        <line num="12" count="2" type="stmt"/>
        <line num="13" count="2" type="stmt"/>
        <line num="20" count="2" type="stmt"/>
        <line num="25" count="9" type="stmt"/>
        <line num="26" count="9" type="stmt"/>
        <line num="27" count="9" type="stmt"/>
        <line num="30" count="9" type="cond" truecount="1" falsecount="0"/>
        <line num="31" count="9" type="stmt"/>
        <line num="36" count="10" type="stmt"/>
        <line num="37" count="10" type="stmt"/>
        <line num="41" count="3" type="cond" truecount="4" falsecount="1"/>
        <line num="42" count="1" type="stmt"/>
        <line num="45" count="2" type="stmt"/>
        <line num="51" count="2" type="cond" truecount="0" falsecount="1"/>
        <line num="52" count="0" type="stmt"/>
        <line num="55" count="2" type="stmt"/>
        <line num="63" count="2" type="cond" truecount="1" falsecount="0"/>
        <line num="64" count="1" type="stmt"/>
        <line num="65" count="1" type="cond" truecount="1" falsecount="1"/>
        <line num="68" count="1" type="stmt"/>
        <line num="69" count="1" type="stmt"/>
        <line num="70" count="1" type="stmt"/>
        <line num="74" count="8" type="cond" truecount="0" falsecount="1"/>
        <line num="75" count="0" type="stmt"/>
        <line num="78" count="8" type="cond" truecount="3" falsecount="0"/>
        <line num="79" count="2" type="stmt"/>
        <line num="82" count="7" type="stmt"/>
        <line num="86" count="2" type="stmt"/>
        <line num="90" count="0" type="stmt"/>
        <line num="94" count="0" type="cond" truecount="0" falsecount="2"/>
        <line num="95" count="0" type="stmt"/>
        <line num="99" count="0" type="stmt"/>
        <line num="103" count="1" type="stmt"/>
        <line num="107" count="1" type="stmt"/>
        <line num="111" count="1" type="stmt"/>
        <line num="115" count="0" type="stmt"/>
        <line num="119" count="1" type="stmt"/>
        <line num="123" count="6" type="stmt"/>
        <line num="125" count="5" type="stmt"/>
        <line num="132" count="5" type="cond" truecount="1" falsecount="0"/>
        <line num="133" count="1" type="stmt"/>
        <line num="134" count="1" type="cond" truecount="1" falsecount="1"/>
        <line num="137" count="4" type="stmt"/>
        <line num="141" count="2" type="stmt"/>
        <line num="156" count="18" type="stmt"/>
        <line num="157" count="14" type="stmt"/>
        <line num="158" count="14" type="stmt"/>
        <line num="159" count="14" type="stmt"/>
        <line num="160" count="14" type="stmt"/>
        <line num="161" count="14" type="cond" truecount="1" falsecount="1"/>
        <line num="162" count="14" type="cond" truecount="2" falsecount="0"/>
        <line num="165" count="14" type="cond" truecount="2" falsecount="0"/>
        <line num="166" count="14" type="stmt"/>
        <line num="168" count="14" type="stmt"/>
        <line num="177" count="1" type="stmt"/>
        <line num="178" count="1" type="stmt"/>
        <line num="180" count="1" type="stmt"/>
        <line num="189" count="1" type="stmt"/>
        <line num="196" count="5" type="stmt"/>
        <line num="204" count="5" type="cond" truecount="1" falsecount="0"/>
        <line num="205" count="1" type="stmt"/>
        <line num="208" count="5" type="stmt"/>
        <line num="216" count="2" type="stmt"/>
        <line num="217" count="2" type="stmt"/>
        <line num="229" count="5" type="stmt"/>
        <line num="241" count="1" type="stmt"/>
        <line num="242" count="1" type="stmt"/>
        <line num="246" count="1" type="stmt"/>
        <line num="247" count="1" type="stmt"/>
        <line num="248" count="1" type="stmt"/>
        <line num="253" count="14" type="stmt"/>
        <line num="254" count="14" type="cond" truecount="4" falsecount="0"/>
        <line num="255" count="14" type="stmt"/>
        <line num="256" count="14" type="stmt"/>
        <line num="258" count="14" type="stmt"/>
        <line num="260" count="14" type="stmt"/>
        <line num="265" count="12" type="stmt"/>
        <line num="267" count="12" type="cond" truecount="1" falsecount="0"/>
        <line num="268" count="1" type="stmt"/>
        <line num="269" count="0" type="stmt"/>
        <line num="275" count="2" type="stmt"/>
        <line num="277" count="12" type="cond" truecount="4" falsecount="0"/>
        <line num="278" count="12" type="cond" truecount="0" falsecount="1"/>
        <line num="280" count="12" type="cond" truecount="1" falsecount="0"/>
        <line num="282" count="9" type="stmt"/>
        <line num="283" count="9" type="stmt"/>
        <line num="286" count="3" type="stmt"/>
      </file>
    </package>
    <package name="src.utils">
      <metrics statements="10" coveredstatements="10" conditionals="8" coveredconditionals="8" methods="1" coveredmethods="1"/>
      <file name="validation.ts" path="/Users/100xlong/projects/matrica-sdk/src/utils/validation.ts">
        <metrics statements="10" coveredstatements="10" conditionals="8" coveredconditionals="8" methods="1" coveredmethods="1"/>
        <line num="2" count="2" type="stmt"/>
        <line num="4" count="2" type="stmt"/>
        <line num="5" count="18" type="cond" truecount="1" falsecount="0"/>
        <line num="6" count="1" type="stmt"/>
        <line num="8" count="17" type="cond" truecount="1" falsecount="0"/>
        <line num="9" count="1" type="stmt"/>
        <line num="11" count="16" type="cond" truecount="3" falsecount="0"/>
        <line num="12" count="1" type="stmt"/>
        <line num="14" count="15" type="cond" truecount="3" falsecount="0"/>
        <line num="15" count="1" type="stmt"/>
      </file>
    </package>
  </project>
</coverage>
