{"/Users/100xlong/projects/matrica-sdk/src/errors.ts": {"path":"/Users/100xlong/projects/matrica-sdk/src/errors.ts","statementMap":{"0":{"start":{"line":3,"column":4},"end":{"line":3,"column":19}},"1":{"start":{"line":2,"column":38},"end":{"line":2,"column":51}},"2":{"start":{"line":4,"column":4},"end":{"line":4,"column":36}},"3":{"start":{"line":5,"column":4},"end":{"line":5,"column":61}},"4":{"start":{"line":1,"column":0},"end":{"line":1,"column":13}},"5":{"start":{"line":11,"column":4},"end":{"line":11,"column":43}},"6":{"start":{"line":12,"column":4},"end":{"line":12,"column":45}},"7":{"start":{"line":13,"column":4},"end":{"line":13,"column":70}},"8":{"start":{"line":9,"column":0},"end":{"line":9,"column":13}},"9":{"start":{"line":17,"column":0},"end":{"line":20,"column":2}}},"fnMap":{"0":{"name":"(anonymous_0)","decl":{"start":{"line":2,"column":2},"end":{"line":2,"column":14}},"loc":{"start":{"line":2,"column":51},"end":{"line":6,"column":3}}},"1":{"name":"(anonymous_1)","decl":{"start":{"line":10,"column":2},"end":{"line":10,"column":14}},"loc":{"start":{"line":10,"column":29},"end":{"line":14,"column":3}}}},"branchMap":{},"s":{"0":9,"1":9,"2":9,"3":9,"4":3,"5":1,"6":1,"7":1,"8":3,"9":3},"f":{"0":9,"1":1},"b":{}}
,"/Users/100xlong/projects/matrica-sdk/src/matricaOAuthClient.ts": {"path":"/Users/100xlong/projects/matrica-sdk/src/matricaOAuthClient.ts","statementMap":{"0":{"start":{"line":1,"column":0},"end":{"line":1,"column":28}},"1":{"start":{"line":12,"column":0},"end":{"line":12,"column":52}},"2":{"start":{"line":13,"column":0},"end":{"line":13,"column":73}},"3":{"start":{"line":25,"column":12},"end":{"line":25,"column":28}},"4":{"start":{"line":26,"column":12},"end":{"line":26,"column":44}},"5":{"start":{"line":27,"column":12},"end":{"line":27,"column":53}},"6":{"start":{"line":30,"column":4},"end":{"line":32,"column":null}},"7":{"start":{"line":31,"column":6},"end":{"line":31,"column":36}},"8":{"start":{"line":36,"column":4},"end":{"line":36,"column":25}},"9":{"start":{"line":37,"column":4},"end":{"line":37,"column":74}},"10":{"start":{"line":41,"column":4},"end":{"line":43,"column":null}},"11":{"start":{"line":42,"column":6},"end":{"line":42,"column":52}},"12":{"start":{"line":45,"column":19},"end":{"line":49,"column":6}},"13":{"start":{"line":51,"column":4},"end":{"line":53,"column":null}},"14":{"start":{"line":52,"column":6},"end":{"line":52,"column":56}},"15":{"start":{"line":55,"column":21},"end":{"line":61,"column":6}},"16":{"start":{"line":63,"column":4},"end":{"line":66,"column":null}},"17":{"start":{"line":64,"column":20},"end":{"line":64,"column":41}},"18":{"start":{"line":65,"column":6},"end":{"line":65,"column":76}},"19":{"start":{"line":68,"column":19},"end":{"line":68,"column":40}},"20":{"start":{"line":69,"column":4},"end":{"line":69,"column":27}},"21":{"start":{"line":70,"column":4},"end":{"line":70,"column":18}},"22":{"start":{"line":74,"column":4},"end":{"line":76,"column":null}},"23":{"start":{"line":75,"column":6},"end":{"line":75,"column":74}},"24":{"start":{"line":78,"column":4},"end":{"line":80,"column":null}},"25":{"start":{"line":79,"column":6},"end":{"line":79,"column":32}},"26":{"start":{"line":82,"column":4},"end":{"line":82,"column":36}},"27":{"start":{"line":86,"column":4},"end":{"line":86,"column":66}},"28":{"start":{"line":90,"column":4},"end":{"line":90,"column":67}},"29":{"start":{"line":94,"column":17},"end":{"line":94,"column":59}},"30":{"start":{"line":95,"column":4},"end":{"line":95,"column":54}},"31":{"start":{"line":99,"column":4},"end":{"line":99,"column":67}},"32":{"start":{"line":103,"column":4},"end":{"line":103,"column":70}},"33":{"start":{"line":107,"column":4},"end":{"line":107,"column":70}},"34":{"start":{"line":111,"column":4},"end":{"line":111,"column":71}},"35":{"start":{"line":115,"column":4},"end":{"line":115,"column":74}},"36":{"start":{"line":119,"column":4},"end":{"line":119,"column":66}},"37":{"start":{"line":123,"column":24},"end":{"line":123,"column":56}},"38":{"start":{"line":125,"column":21},"end":{"line":130,"column":6}},"39":{"start":{"line":132,"column":4},"end":{"line":135,"column":null}},"40":{"start":{"line":133,"column":20},"end":{"line":133,"column":41}},"41":{"start":{"line":134,"column":6},"end":{"line":134,"column":76}},"42":{"start":{"line":137,"column":4},"end":{"line":137,"column":27}},"43":{"start":{"line":20,"column":0},"end":{"line":20,"column":13}},"44":{"start":{"line":156,"column":4},"end":{"line":156,"column":27}},"45":{"start":{"line":157,"column":4},"end":{"line":157,"column":32}},"46":{"start":{"line":158,"column":4},"end":{"line":158,"column":36}},"47":{"start":{"line":159,"column":4},"end":{"line":159,"column":42}},"48":{"start":{"line":160,"column":4},"end":{"line":160,"column":44}},"49":{"start":{"line":161,"column":4},"end":{"line":161,"column":43}},"50":{"start":{"line":162,"column":4},"end":{"line":162,"column":45}},"51":{"start":{"line":165,"column":22},"end":{"line":165,"column":78}},"52":{"start":{"line":166,"column":23},"end":{"line":166,"column":63}},"53":{"start":{"line":168,"column":4},"end":{"line":173,"column":6}},"54":{"start":{"line":177,"column":25},"end":{"line":177,"column":58}},"55":{"start":{"line":178,"column":26},"end":{"line":178,"column":72}},"56":{"start":{"line":180,"column":19},"end":{"line":187,"column":6}},"57":{"start":{"line":189,"column":4},"end":{"line":192,"column":6}},"58":{"start":{"line":196,"column":19},"end":{"line":202,"column":6}},"59":{"start":{"line":204,"column":4},"end":{"line":206,"column":null}},"60":{"start":{"line":205,"column":6},"end":{"line":205,"column":56}},"61":{"start":{"line":208,"column":21},"end":{"line":214,"column":6}},"62":{"start":{"line":216,"column":19},"end":{"line":216,"column":40}},"63":{"start":{"line":217,"column":4},"end":{"line":225,"column":6}},"64":{"start":{"line":229,"column":4},"end":{"line":237,"column":6}},"65":{"start":{"line":241,"column":19},"end":{"line":241,"column":41}},"66":{"start":{"line":242,"column":4},"end":{"line":242,"column":40}},"67":{"start":{"line":246,"column":17},"end":{"line":246,"column":44}},"68":{"start":{"line":247,"column":4},"end":{"line":247,"column":26}},"69":{"start":{"line":248,"column":4},"end":{"line":248,"column":36}},"70":{"start":{"line":253,"column":4},"end":{"line":289,"column":null}},"71":{"start":{"line":254,"column":6},"end":{"line":254,"column":52}},"72":{"start":{"line":255,"column":25},"end":{"line":255,"column":46}},"73":{"start":{"line":256,"column":24},"end":{"line":256,"column":74}},"74":{"start":{"line":256,"column":41},"end":{"line":256,"column":59}},"75":{"start":{"line":258,"column":6},"end":{"line":258,"column":40}},"76":{"start":{"line":260,"column":23},"end":{"line":262,"column":null}},"77":{"start":{"line":265,"column":6},"end":{"line":265,"column":30}},"78":{"start":{"line":267,"column":6},"end":{"line":273,"column":null}},"79":{"start":{"line":268,"column":22},"end":{"line":268,"column":43}},"80":{"start":{"line":269,"column":8},"end":{"line":272,"column":10}},"81":{"start":{"line":275,"column":6},"end":{"line":275,"column":22}},"82":{"start":{"line":277,"column":6},"end":{"line":277,"column":51}},"83":{"start":{"line":278,"column":6},"end":{"line":278,"column":58}},"84":{"start":{"line":278,"column":46},"end":{"line":278,"column":58}},"85":{"start":{"line":280,"column":6},"end":{"line":284,"column":null}},"86":{"start":{"line":282,"column":8},"end":{"line":282,"column":87}},"87":{"start":{"line":282,"column":37},"end":{"line":282,"column":85}},"88":{"start":{"line":283,"column":8},"end":{"line":283,"column":62}},"89":{"start":{"line":286,"column":6},"end":{"line":288,"column":8}},"90":{"start":{"line":141,"column":0},"end":{"line":141,"column":13}}},"fnMap":{"0":{"name":"(anonymous_8)","decl":{"start":{"line":24,"column":2},"end":{"line":24,"column":null}},"loc":{"start":{"line":28,"column":33},"end":{"line":33,"column":3}}},"1":{"name":"(anonymous_9)","decl":{"start":{"line":35,"column":10},"end":{"line":35,"column":19}},"loc":{"start":{"line":35,"column":41},"end":{"line":38,"column":3}}},"2":{"name":"(anonymous_10)","decl":{"start":{"line":40,"column":8},"end":{"line":40,"column":20}},"loc":{"start":{"line":40,"column":20},"end":{"line":71,"column":null}}},"3":{"name":"(anonymous_12)","decl":{"start":{"line":73,"column":8},"end":{"line":73,"column":27}},"loc":{"start":{"line":73,"column":27},"end":{"line":83,"column":null}}},"4":{"name":"(anonymous_14)","decl":{"start":{"line":85,"column":8},"end":{"line":85,"column":22}},"loc":{"start":{"line":85,"column":22},"end":{"line":87,"column":null}}},"5":{"name":"(anonymous_16)","decl":{"start":{"line":89,"column":8},"end":{"line":89,"column":22}},"loc":{"start":{"line":89,"column":22},"end":{"line":91,"column":null}}},"6":{"name":"(anonymous_18)","decl":{"start":{"line":93,"column":8},"end":{"line":93,"column":19}},"loc":{"start":{"line":93,"column":34},"end":{"line":96,"column":null}}},"7":{"name":"(anonymous_20)","decl":{"start":{"line":98,"column":8},"end":{"line":98,"column":21}},"loc":{"start":{"line":98,"column":21},"end":{"line":100,"column":null}}},"8":{"name":"(anonymous_22)","decl":{"start":{"line":102,"column":8},"end":{"line":102,"column":22}},"loc":{"start":{"line":102,"column":22},"end":{"line":104,"column":null}}},"9":{"name":"(anonymous_24)","decl":{"start":{"line":106,"column":8},"end":{"line":106,"column":22}},"loc":{"start":{"line":106,"column":22},"end":{"line":108,"column":null}}},"10":{"name":"(anonymous_26)","decl":{"start":{"line":110,"column":8},"end":{"line":110,"column":23}},"loc":{"start":{"line":110,"column":23},"end":{"line":112,"column":null}}},"11":{"name":"(anonymous_28)","decl":{"start":{"line":114,"column":8},"end":{"line":114,"column":21}},"loc":{"start":{"line":114,"column":66},"end":{"line":116,"column":null}}},"12":{"name":"(anonymous_30)","decl":{"start":{"line":118,"column":8},"end":{"line":118,"column":20}},"loc":{"start":{"line":118,"column":20},"end":{"line":120,"column":null}}},"13":{"name":"(anonymous_32)","decl":{"start":{"line":122,"column":16},"end":{"line":122,"column":40}},"loc":{"start":{"line":122,"column":56},"end":{"line":138,"column":null}}},"14":{"name":"(anonymous_34)","decl":{"start":{"line":155,"column":2},"end":{"line":155,"column":14}},"loc":{"start":{"line":155,"column":40},"end":{"line":174,"column":3}}},"15":{"name":"(anonymous_35)","decl":{"start":{"line":176,"column":8},"end":{"line":176,"column":27}},"loc":{"start":{"line":176,"column":53},"end":{"line":193,"column":null}}},"16":{"name":"(anonymous_37)","decl":{"start":{"line":195,"column":8},"end":{"line":195,"column":21}},"loc":{"start":{"line":195,"column":56},"end":{"line":226,"column":null}}},"17":{"name":"(anonymous_39)","decl":{"start":{"line":228,"column":2},"end":{"line":228,"column":25}},"loc":{"start":{"line":228,"column":47},"end":{"line":238,"column":3}}},"18":{"name":"(anonymous_40)","decl":{"start":{"line":240,"column":16},"end":{"line":240,"column":36}},"loc":{"start":{"line":240,"column":36},"end":{"line":243,"column":null}}},"19":{"name":"(anonymous_42)","decl":{"start":{"line":245,"column":16},"end":{"line":245,"column":37}},"loc":{"start":{"line":245,"column":54},"end":{"line":249,"column":null}}},"20":{"name":"(anonymous_44)","decl":{"start":{"line":252,"column":16},"end":{"line":252,"column":30}},"loc":{"start":{"line":252,"column":77},"end":{"line":290,"column":null}}},"21":{"name":"(anonymous_46)","decl":{"start":{"line":256,"column":35},"end":{"line":256,"column":38}},"loc":{"start":{"line":256,"column":41},"end":{"line":256,"column":59}}},"22":{"name":"(anonymous_47)","decl":{"start":{"line":282,"column":26},"end":{"line":282,"column":33}},"loc":{"start":{"line":282,"column":37},"end":{"line":282,"column":85}}}},"branchMap":{"0":{"loc":{"start":{"line":30,"column":4},"end":{"line":32,"column":null}},"type":"if","locations":[{"start":{"line":30,"column":4},"end":{"line":32,"column":null}}]},"1":{"loc":{"start":{"line":41,"column":4},"end":{"line":43,"column":null}},"type":"if","locations":[{"start":{"line":41,"column":4},"end":{"line":43,"column":null}}]},"2":{"loc":{"start":{"line":41,"column":9},"end":{"line":41,"column":35}},"type":"cond-expr","locations":[{"start":{"line":41,"column":20},"end":{"line":41,"column":22}},{"start":{"line":41,"column":20},"end":{"line":41,"column":35}}]},"3":{"loc":{"start":{"line":41,"column":9},"end":{"line":41,"column":22}},"type":"binary-expr","locations":[{"start":{"line":41,"column":9},"end":{"line":41,"column":22}},{"start":{"line":41,"column":20},"end":{"line":41,"column":22}}]},"4":{"loc":{"start":{"line":51,"column":4},"end":{"line":53,"column":null}},"type":"if","locations":[{"start":{"line":51,"column":4},"end":{"line":53,"column":null}}]},"5":{"loc":{"start":{"line":63,"column":4},"end":{"line":66,"column":null}},"type":"if","locations":[{"start":{"line":63,"column":4},"end":{"line":66,"column":null}}]},"6":{"loc":{"start":{"line":65,"column":22},"end":{"line":65,"column":74}},"type":"binary-expr","locations":[{"start":{"line":65,"column":22},"end":{"line":65,"column":45}},{"start":{"line":65,"column":49},"end":{"line":65,"column":74}}]},"7":{"loc":{"start":{"line":74,"column":4},"end":{"line":76,"column":null}},"type":"if","locations":[{"start":{"line":74,"column":4},"end":{"line":76,"column":null}}]},"8":{"loc":{"start":{"line":78,"column":4},"end":{"line":80,"column":null}},"type":"if","locations":[{"start":{"line":78,"column":4},"end":{"line":80,"column":null}}]},"9":{"loc":{"start":{"line":78,"column":8},"end":{"line":78,"column":82}},"type":"binary-expr","locations":[{"start":{"line":78,"column":8},"end":{"line":78,"column":28}},{"start":{"line":78,"column":32},"end":{"line":78,"column":82}}]},"10":{"loc":{"start":{"line":94,"column":28},"end":{"line":94,"column":58}},"type":"cond-expr","locations":[{"start":{"line":94,"column":36},"end":{"line":94,"column":53}},{"start":{"line":94,"column":56},"end":{"line":94,"column":58}}]},"11":{"loc":{"start":{"line":132,"column":4},"end":{"line":135,"column":null}},"type":"if","locations":[{"start":{"line":132,"column":4},"end":{"line":135,"column":null}}]},"12":{"loc":{"start":{"line":134,"column":22},"end":{"line":134,"column":74}},"type":"binary-expr","locations":[{"start":{"line":134,"column":22},"end":{"line":134,"column":45}},{"start":{"line":134,"column":49},"end":{"line":134,"column":74}}]},"13":{"loc":{"start":{"line":161,"column":19},"end":{"line":161,"column":42}},"type":"binary-expr","locations":[{"start":{"line":161,"column":19},"end":{"line":161,"column":33}},{"start":{"line":161,"column":37},"end":{"line":161,"column":42}}]},"14":{"loc":{"start":{"line":162,"column":22},"end":{"line":162,"column":44}},"type":"binary-expr","locations":[{"start":{"line":162,"column":22},"end":{"line":162,"column":39}},{"start":{"line":162,"column":43},"end":{"line":162,"column":44}}]},"15":{"loc":{"start":{"line":165,"column":22},"end":{"line":165,"column":78}},"type":"cond-expr","locations":[{"start":{"line":165,"column":61},"end":{"line":165,"column":70}},{"start":{"line":165,"column":73},"end":{"line":165,"column":78}}]},"16":{"loc":{"start":{"line":169,"column":27},"end":{"line":169,"column":76}},"type":"cond-expr","locations":[{"start":{"line":169,"column":65},"end":{"line":169,"column":67}},{"start":{"line":169,"column":70},"end":{"line":169,"column":76}}]},"17":{"loc":{"start":{"line":176,"column":28},"end":{"line":176,"column":53}},"type":"default-arg","locations":[{"start":{"line":176,"column":44},"end":{"line":176,"column":53}}]},"18":{"loc":{"start":{"line":204,"column":4},"end":{"line":206,"column":null}},"type":"if","locations":[{"start":{"line":204,"column":4},"end":{"line":206,"column":null}}]},"19":{"loc":{"start":{"line":252,"column":66},"end":{"line":252,"column":77}},"type":"default-arg","locations":[{"start":{"line":252,"column":76},"end":{"line":252,"column":77}}]},"20":{"loc":{"start":{"line":254,"column":6},"end":{"line":254,"column":51}},"type":"cond-expr","locations":[{"start":{"line":254,"column":17},"end":{"line":254,"column":19}},{"start":{"line":254,"column":17},"end":{"line":254,"column":51}}]},"21":{"loc":{"start":{"line":254,"column":6},"end":{"line":254,"column":19}},"type":"binary-expr","locations":[{"start":{"line":254,"column":6},"end":{"line":254,"column":19}},{"start":{"line":254,"column":17},"end":{"line":254,"column":19}}]},"22":{"loc":{"start":{"line":267,"column":6},"end":{"line":273,"column":null}},"type":"if","locations":[{"start":{"line":267,"column":6},"end":{"line":273,"column":null}}]},"23":{"loc":{"start":{"line":270,"column":10},"end":{"line":270,"column":84}},"type":"binary-expr","locations":[{"start":{"line":270,"column":10},"end":{"line":270,"column":33}},{"start":{"line":270,"column":37},"end":{"line":270,"column":84}}]},"24":{"loc":{"start":{"line":277,"column":6},"end":{"line":277,"column":50}},"type":"cond-expr","locations":[{"start":{"line":277,"column":17},"end":{"line":277,"column":19}},{"start":{"line":277,"column":17},"end":{"line":277,"column":50}}]},"25":{"loc":{"start":{"line":277,"column":6},"end":{"line":277,"column":19}},"type":"binary-expr","locations":[{"start":{"line":277,"column":6},"end":{"line":277,"column":19}},{"start":{"line":277,"column":17},"end":{"line":277,"column":19}}]},"26":{"loc":{"start":{"line":278,"column":6},"end":{"line":278,"column":58}},"type":"if","locations":[{"start":{"line":278,"column":6},"end":{"line":278,"column":58}}]},"27":{"loc":{"start":{"line":280,"column":6},"end":{"line":284,"column":null}},"type":"if","locations":[{"start":{"line":280,"column":6},"end":{"line":284,"column":null}}]},"28":{"loc":{"start":{"line":287,"column":8},"end":{"line":287,"column":73}},"type":"cond-expr","locations":[{"start":{"line":287,"column":33},"end":{"line":287,"column":46}},{"start":{"line":287,"column":49},"end":{"line":287,"column":73}}]}},"s":{"0":2,"1":2,"2":2,"3":9,"4":9,"5":9,"6":9,"7":9,"8":10,"9":10,"10":3,"11":1,"12":2,"13":2,"14":0,"15":2,"16":2,"17":1,"18":1,"19":1,"20":1,"21":1,"22":8,"23":0,"24":8,"25":2,"26":7,"27":2,"28":0,"29":0,"30":0,"31":0,"32":1,"33":1,"34":1,"35":0,"36":1,"37":6,"38":5,"39":5,"40":1,"41":1,"42":4,"43":2,"44":18,"45":14,"46":14,"47":14,"48":14,"49":14,"50":14,"51":14,"52":14,"53":14,"54":1,"55":1,"56":1,"57":1,"58":5,"59":5,"60":1,"61":5,"62":2,"63":2,"64":5,"65":1,"66":1,"67":1,"68":1,"69":1,"70":14,"71":14,"72":14,"73":14,"74":2,"75":14,"76":14,"77":12,"78":12,"79":1,"80":0,"81":2,"82":12,"83":12,"84":0,"85":12,"86":9,"87":9,"88":9,"89":3,"90":2},"f":{"0":9,"1":10,"2":3,"3":8,"4":2,"5":0,"6":0,"7":0,"8":1,"9":1,"10":1,"11":0,"12":1,"13":6,"14":18,"15":1,"16":5,"17":5,"18":1,"19":1,"20":14,"21":2,"22":9},"b":{"0":[9],"1":[1],"2":[0,3],"3":[3,3],"4":[0],"5":[1],"6":[1,0],"7":[0],"8":[2],"9":[8,8],"10":[0,0],"11":[1],"12":[1,0],"13":[14,0],"14":[14,14],"15":[13,1],"16":[1,13],"17":[0],"18":[1],"19":[5],"20":[10,4],"21":[14,14],"22":[1],"23":[0,0],"24":[8,4],"25":[12,12],"26":[0],"27":[9],"28":[3,0]}}
,"/Users/100xlong/projects/matrica-sdk/src/utils/validation.ts": {"path":"/Users/100xlong/projects/matrica-sdk/src/utils/validation.ts","statementMap":{"0":{"start":{"line":2,"column":0},"end":{"line":2,"column":46}},"1":{"start":{"line":5,"column":2},"end":{"line":7,"column":null}},"2":{"start":{"line":6,"column":4},"end":{"line":6,"column":56}},"3":{"start":{"line":8,"column":2},"end":{"line":10,"column":null}},"4":{"start":{"line":9,"column":4},"end":{"line":9,"column":59}},"5":{"start":{"line":11,"column":2},"end":{"line":13,"column":null}},"6":{"start":{"line":12,"column":4},"end":{"line":12,"column":69}},"7":{"start":{"line":14,"column":2},"end":{"line":16,"column":null}},"8":{"start":{"line":15,"column":4},"end":{"line":15,"column":72}},"9":{"start":{"line":4,"column":0},"end":{"line":4,"column":16}}},"fnMap":{"0":{"name":"validateConfig","decl":{"start":{"line":4,"column":16},"end":{"line":4,"column":30}},"loc":{"start":{"line":4,"column":57},"end":{"line":17,"column":1}}}},"branchMap":{"0":{"loc":{"start":{"line":5,"column":2},"end":{"line":7,"column":null}},"type":"if","locations":[{"start":{"line":5,"column":2},"end":{"line":7,"column":null}}]},"1":{"loc":{"start":{"line":8,"column":2},"end":{"line":10,"column":null}},"type":"if","locations":[{"start":{"line":8,"column":2},"end":{"line":10,"column":null}}]},"2":{"loc":{"start":{"line":11,"column":2},"end":{"line":13,"column":null}},"type":"if","locations":[{"start":{"line":11,"column":2},"end":{"line":13,"column":null}}]},"3":{"loc":{"start":{"line":11,"column":6},"end":{"line":11,"column":42}},"type":"binary-expr","locations":[{"start":{"line":11,"column":6},"end":{"line":11,"column":20}},{"start":{"line":11,"column":24},"end":{"line":11,"column":42}}]},"4":{"loc":{"start":{"line":14,"column":2},"end":{"line":16,"column":null}},"type":"if","locations":[{"start":{"line":14,"column":2},"end":{"line":16,"column":null}}]},"5":{"loc":{"start":{"line":14,"column":6},"end":{"line":14,"column":48}},"type":"binary-expr","locations":[{"start":{"line":14,"column":6},"end":{"line":14,"column":23}},{"start":{"line":14,"column":27},"end":{"line":14,"column":48}}]}},"s":{"0":2,"1":18,"2":1,"3":17,"4":1,"5":16,"6":1,"7":15,"8":1,"9":2},"f":{"0":18},"b":{"0":[1],"1":[1],"2":[1],"3":[16,16],"4":[1],"5":[15,1]}}
}
