TN:
SF:src/errors.ts
FN:2,(anonymous_0)
FN:10,(anonymous_1)
FNF:2
FNH:2
FNDA:9,(anonymous_0)
FNDA:1,(anonymous_1)
DA:1,3
DA:2,9
DA:3,9
DA:4,9
DA:5,9
DA:9,3
DA:11,1
DA:12,1
DA:13,1
DA:17,3
LF:10
LH:10
BRF:0
BRH:0
end_of_record
TN:
SF:src/matricaOAuthClient.ts
FN:24,(anonymous_8)
FN:35,(anonymous_9)
FN:40,(anonymous_10)
FN:73,(anonymous_12)
FN:85,(anonymous_14)
FN:89,(anonymous_16)
FN:93,(anonymous_18)
FN:98,(anonymous_20)
FN:102,(anonymous_22)
FN:106,(anonymous_24)
FN:110,(anonymous_26)
FN:114,(anonymous_28)
FN:118,(anonymous_30)
FN:122,(anonymous_32)
FN:155,(anonymous_34)
FN:176,(anonymous_35)
FN:195,(anonymous_37)
FN:228,(anonymous_39)
FN:240,(anonymous_40)
FN:245,(anonymous_42)
FN:252,(anonymous_44)
FN:256,(anonymous_46)
FN:282,(anonymous_47)
FNF:23
FNH:19
FNDA:9,(anonymous_8)
FNDA:10,(anonymous_9)
FNDA:3,(anonymous_10)
FNDA:8,(anonymous_12)
FNDA:2,(anonymous_14)
FNDA:0,(anonymous_16)
FNDA:0,(anonymous_18)
FNDA:0,(anonymous_20)
FNDA:1,(anonymous_22)
FNDA:1,(anonymous_24)
FNDA:1,(anonymous_26)
FNDA:0,(anonymous_28)
FNDA:1,(anonymous_30)
FNDA:6,(anonymous_32)
FNDA:18,(anonymous_34)
FNDA:1,(anonymous_35)
FNDA:5,(anonymous_37)
FNDA:5,(anonymous_39)
FNDA:1,(anonymous_40)
FNDA:1,(anonymous_42)
FNDA:14,(anonymous_44)
FNDA:2,(anonymous_46)
FNDA:9,(anonymous_47)
DA:1,2
DA:12,2
DA:13,2
DA:20,2
DA:25,9
DA:26,9
DA:27,9
DA:30,9
DA:31,9
DA:36,10
DA:37,10
DA:41,3
DA:42,1
DA:45,2
DA:51,2
DA:52,0
DA:55,2
DA:63,2
DA:64,1
DA:65,1
DA:68,1
DA:69,1
DA:70,1
DA:74,8
DA:75,0
DA:78,8
DA:79,2
DA:82,7
DA:86,2
DA:90,0
DA:94,0
DA:95,0
DA:99,0
DA:103,1
DA:107,1
DA:111,1
DA:115,0
DA:119,1
DA:123,6
DA:125,5
DA:132,5
DA:133,1
DA:134,1
DA:137,4
DA:141,2
DA:156,18
DA:157,14
DA:158,14
DA:159,14
DA:160,14
DA:161,14
DA:162,14
DA:165,14
DA:166,14
DA:168,14
DA:177,1
DA:178,1
DA:180,1
DA:189,1
DA:196,5
DA:204,5
DA:205,1
DA:208,5
DA:216,2
DA:217,2
DA:229,5
DA:241,1
DA:242,1
DA:246,1
DA:247,1
DA:248,1
DA:253,14
DA:254,14
DA:255,14
DA:256,14
DA:258,14
DA:260,14
DA:265,12
DA:267,12
DA:268,1
DA:269,0
DA:275,2
DA:277,12
DA:278,12
DA:280,12
DA:282,9
DA:283,9
DA:286,3
LF:88
LH:80
BRDA:30,0,0,9
BRDA:41,1,0,1
BRDA:41,2,0,0
BRDA:41,2,1,3
BRDA:41,3,0,3
BRDA:41,3,1,3
BRDA:51,4,0,0
BRDA:63,5,0,1
BRDA:65,6,0,1
BRDA:65,6,1,0
BRDA:74,7,0,0
BRDA:78,8,0,2
BRDA:78,9,0,8
BRDA:78,9,1,8
BRDA:94,10,0,0
BRDA:94,10,1,0
BRDA:132,11,0,1
BRDA:134,12,0,1
BRDA:134,12,1,0
BRDA:161,13,0,14
BRDA:161,13,1,0
BRDA:162,14,0,14
BRDA:162,14,1,14
BRDA:165,15,0,13
BRDA:165,15,1,1
BRDA:169,16,0,1
BRDA:169,16,1,13
BRDA:176,17,0,0
BRDA:204,18,0,1
BRDA:252,19,0,5
BRDA:254,20,0,10
BRDA:254,20,1,4
BRDA:254,21,0,14
BRDA:254,21,1,14
BRDA:267,22,0,1
BRDA:270,23,0,0
BRDA:270,23,1,0
BRDA:277,24,0,8
BRDA:277,24,1,4
BRDA:277,25,0,12
BRDA:277,25,1,12
BRDA:278,26,0,0
BRDA:280,27,0,9
BRDA:287,28,0,3
BRDA:287,28,1,0
BRF:45
BRH:32
end_of_record
TN:
SF:src/utils/validation.ts
FN:4,validateConfig
FNF:1
FNH:1
FNDA:18,validateConfig
DA:2,2
DA:4,2
DA:5,18
DA:6,1
DA:8,17
DA:9,1
DA:11,16
DA:12,1
DA:14,15
DA:15,1
LF:10
LH:10
BRDA:5,0,0,1
BRDA:8,1,0,1
BRDA:11,2,0,1
BRDA:11,3,0,16
BRDA:11,3,1,16
BRDA:14,4,0,1
BRDA:14,5,0,15
BRDA:14,5,1,1
BRF:8
BRH:8
end_of_record
