TN:
SF:src/errors.ts
FN:2,(anonymous_0)
FN:10,(anonymous_1)
FNF:2
FNH:1
FNDA:3,(anonymous_0)
FNDA:0,(anonymous_1)
DA:1,2
DA:2,3
DA:3,3
DA:4,3
DA:5,3
DA:9,2
DA:11,0
DA:12,0
DA:13,0
DA:17,2
LF:10
LH:7
BRF:0
BRH:0
end_of_record
TN:
SF:src/matricaOAuthClient.ts
FN:24,(anonymous_8)
FN:35,(anonymous_9)
FN:40,(anonymous_10)
FN:73,(anonymous_12)
FN:85,(anonymous_14)
FN:89,(anonymous_16)
FN:93,(anonymous_18)
FN:98,(anonymous_20)
FN:102,(anonymous_22)
FN:106,(anonymous_24)
FN:110,(anonymous_26)
FN:114,(anonymous_28)
FN:118,(anonymous_30)
FN:122,(anonymous_32)
FN:155,(anonymous_34)
FN:176,(anonymous_35)
FN:195,(anonymous_37)
FN:228,(anonymous_39)
FN:240,(anonymous_40)
FN:245,(anonymous_42)
FN:252,(anonymous_44)
FN:256,(anonymous_46)
FN:282,(anonymous_47)
FNF:23
FNH:13
FNDA:4,(anonymous_8)
FNDA:5,(anonymous_9)
FNDA:1,(anonymous_10)
FNDA:2,(anonymous_12)
FNDA:0,(anonymous_14)
FNDA:0,(anonymous_16)
FNDA:0,(anonymous_18)
FNDA:0,(anonymous_20)
FNDA:0,(anonymous_22)
FNDA:0,(anonymous_24)
FNDA:0,(anonymous_26)
FNDA:0,(anonymous_28)
FNDA:0,(anonymous_30)
FNDA:0,(anonymous_32)
FNDA:10,(anonymous_34)
FNDA:2,(anonymous_35)
FNDA:3,(anonymous_37)
FNDA:1,(anonymous_39)
FNDA:2,(anonymous_40)
FNDA:2,(anonymous_42)
FNDA:6,(anonymous_44)
FNDA:1,(anonymous_46)
FNDA:3,(anonymous_47)
DA:1,2
DA:12,2
DA:13,2
DA:20,2
DA:25,4
DA:26,4
DA:27,4
DA:30,4
DA:31,4
DA:36,5
DA:37,5
DA:41,1
DA:42,0
DA:45,1
DA:51,1
DA:52,0
DA:55,1
DA:63,1
DA:64,0
DA:65,0
DA:68,1
DA:69,1
DA:70,1
DA:74,2
DA:75,0
DA:78,2
DA:79,1
DA:82,2
DA:86,0
DA:90,0
DA:94,0
DA:95,0
DA:99,0
DA:103,0
DA:107,0
DA:111,0
DA:115,0
DA:119,0
DA:123,0
DA:125,0
DA:132,0
DA:133,0
DA:134,0
DA:137,0
DA:141,2
DA:156,10
DA:157,9
DA:158,9
DA:159,9
DA:160,9
DA:161,9
DA:162,9
DA:165,9
DA:166,9
DA:168,9
DA:177,2
DA:178,2
DA:180,2
DA:189,2
DA:196,3
DA:204,3
DA:205,0
DA:208,3
DA:216,1
DA:217,1
DA:229,1
DA:241,2
DA:242,2
DA:246,2
DA:247,2
DA:248,2
DA:253,6
DA:254,6
DA:255,6
DA:256,6
DA:258,6
DA:260,6
DA:265,5
DA:267,5
DA:268,1
DA:269,1
DA:275,1
DA:277,5
DA:278,5
DA:280,4
DA:282,3
DA:283,3
DA:286,1
LF:88
LH:66
BRDA:30,0,0,4
BRDA:41,1,0,0
BRDA:41,2,0,0
BRDA:41,2,1,1
BRDA:41,3,0,1
BRDA:41,3,1,1
BRDA:51,4,0,0
BRDA:63,5,0,0
BRDA:65,6,0,0
BRDA:65,6,1,0
BRDA:74,7,0,0
BRDA:78,8,0,1
BRDA:78,9,0,2
BRDA:78,9,1,2
BRDA:94,10,0,0
BRDA:94,10,1,0
BRDA:132,11,0,0
BRDA:134,12,0,0
BRDA:134,12,1,0
BRDA:161,13,0,9
BRDA:161,13,1,7
BRDA:162,14,0,9
BRDA:162,14,1,9
BRDA:165,15,0,8
BRDA:165,15,1,1
BRDA:169,16,0,1
BRDA:169,16,1,8
BRDA:176,17,0,1
BRDA:204,18,0,0
BRDA:252,19,0,3
BRDA:254,20,0,6
BRDA:254,20,1,0
BRDA:254,21,0,6
BRDA:254,21,1,6
BRDA:267,22,0,1
BRDA:270,23,0,1
BRDA:270,23,1,0
BRDA:277,24,0,5
BRDA:277,24,1,0
BRDA:277,25,0,5
BRDA:277,25,1,5
BRDA:278,26,0,1
BRDA:280,27,0,3
BRDA:287,28,0,1
BRDA:287,28,1,0
BRF:45
BRH:28
end_of_record
TN:
SF:src/utils/validation.ts
FN:4,validateConfig
FNF:1
FNH:1
FNDA:10,validateConfig
DA:2,2
DA:4,2
DA:5,10
DA:6,1
DA:8,9
DA:9,0
DA:11,9
DA:12,0
DA:14,9
DA:15,0
LF:10
LH:7
BRDA:5,0,0,1
BRDA:8,1,0,0
BRDA:11,2,0,0
BRDA:11,3,0,9
BRDA:11,3,1,2
BRDA:14,4,0,0
BRDA:14,5,0,9
BRDA:14,5,1,0
BRF:8
BRH:4
end_of_record
